<?xml version="1.0" encoding="UTF-8"?>
<!-- Generated by org.testng.reporters.JUnitReportReporter -->
<testsuite skipped="0" hostname="LAPTOP-I8106HAO" name="Day2_Relocate_By_Xpath.TC02_Non_Static_Non_Parameterized" tests="1" failures="0" timestamp="2021-07-03T07:22:00 IST" time="48.162" errors="0">
  <testcase name="test" time="48.162" classname="Day2_Relocate_By_Xpath.TC02_Non_Static_Non_Parameterized"/>
  <system-out/>
</testsuite> <!-- Day2_Relocate_By_Xpath.TC02_Non_Static_Non_Parameterized -->
