<?xml version="1.0" encoding="UTF-8"?>
<!-- Generated by org.testng.reporters.JUnitReportReporter -->
<testsuite skipped="0" hostname="LAPTOP-I8106HAO" name="day1.LoginTest" tests="1" failures="0" timestamp="2021-07-03T18:08:00 IST" time="30.294" errors="0">
  <testcase name="loginTest" time="30.294" classname="day1.LoginTest"/>
  <system-out/>
</testsuite> <!-- day1.LoginTest -->
