<?xml version="1.0" encoding="UTF-8"?>
<!-- Generated by org.testng.reporters.JUnitReportReporter -->
<testsuite skipped="0" hostname="LAPTOP-I8106HAO" name="day10_Emailable_Report.Extent_Emailable_Report" tests="1" failures="0" timestamp="2021-07-08T21:04:25 IST" time="23.465" errors="0">
  <testcase name="test" time="23.465" classname="day10_Emailable_Report.Extent_Emailable_Report"/>
  <system-out/>
</testsuite> <!-- day10_Emailable_Report.Extent_Emailable_Report -->
