<?xml version="1.0" encoding="UTF-8"?>
<!-- Generated by org.testng.reporters.JUnitReportReporter -->
<testsuite skipped="0" hostname="LAPTOP-I8106HAO" name="Day5_TestNG_DataProvider.TC05_DataProvider_Lab3" tests="2" failures="0" timestamp="2021-07-06T16:48:10 IST" time="47.114" errors="0">
  <testcase name="test1" time="25.818" classname="Day5_TestNG_DataProvider.TC05_DataProvider_Lab3"/>
  <system-out/>
  <testcase name="test1" time="21.296" classname="Day5_TestNG_DataProvider.TC05_DataProvider_Lab3"/>
  <system-out/>
</testsuite> <!-- Day5_TestNG_DataProvider.TC05_DataProvider_Lab3 -->
