<?xml version="1.0" encoding="UTF-8"?>
<!-- Generated by org.testng.reporters.JUnitReportReporter -->
<testsuite skipped="0" hostname="LAPTOP-I8106HAO" name="Day2.TC02_Non_Static_Non_Parameterized" tests="1" failures="0" timestamp="2021-07-02T21:58:32 IST" time="22.880" errors="0">
  <testcase name="test" time="22.880" classname="Day2.TC02_Non_Static_Non_Parameterized"/>
  <system-out/>
</testsuite> <!-- Day2.TC02_Non_Static_Non_Parameterized -->
