<?xml version="1.0" encoding="UTF-8"?>
<!-- Generated by org.testng.reporters.JUnitReportReporter -->
<testsuite skipped="0" hostname="LAPTOP-I8106HAO" name="Day2.TC01_Static_Parameterized" tests="1" failures="0" timestamp="2021-07-02T21:33:50 IST" time="15.746" errors="0">
  <testcase name="test" time="15.746" classname="Day2.TC01_Static_Parameterized"/>
  <system-out/>
</testsuite> <!-- Day2.TC01_Static_Parameterized -->
