<?xml version="1.0" encoding="UTF-8"?>
<!-- Generated by org.testng.reporters.JUnitReportReporter -->
<testsuite skipped="0" hostname="LAPTOP-I8106HAO" name="day01_Locate_By_Id.TC02_Non_Static_Non_Parameterized" tests="1" failures="0" timestamp="2021-07-15T06:43:50 IST" time="23.673" errors="0">
  <testcase name="test" time="23.673" classname="day01_Locate_By_Id.TC02_Non_Static_Non_Parameterized"/>
  <system-out/>
</testsuite> <!-- day01_Locate_By_Id.TC02_Non_Static_Non_Parameterized -->
