<?xml version="1.0" encoding="UTF-8"?>
<!-- Generated by org.testng.reporters.JUnitReportReporter -->
<testsuite skipped="0" hostname="LAPTOP-I8106HAO" name="day09_Extent_Emailable_Report.Extent_Emailable_Report_Addjobs" tests="1" failures="0" timestamp="2021-07-15T07:46:42 IST" time="26.774" errors="0">
  <testcase name="Report3_Test" time="26.774" classname="day09_Extent_Emailable_Report.Extent_Emailable_Report_Addjobs"/>
  <system-out/>
</testsuite> <!-- day09_Extent_Emailable_Report.Extent_Emailable_Report_Addjobs -->
