<?xml version="1.0" encoding="UTF-8"?>
<!-- Generated by org.testng.reporters.JUnitReportReporter -->
<testsuite skipped="0" hostname="LAPTOP-I8106HAO" name="day7_TestNG_DataProvider_Excel_Browser_Compatability.AddJobs_From_Excel_Input" tests="2" failures="0" timestamp="2021-07-11T17:28:34 IST" time="92.207" errors="0">
  <testcase name="test1" time="31.672" classname="day7_TestNG_DataProvider_Excel_Browser_Compatability.AddJobs_From_Excel_Input"/>
  <system-out/>
  <testcase name="test1" time="60.535" classname="day7_TestNG_DataProvider_Excel_Browser_Compatability.AddJobs_From_Excel_Input"/>
  <system-out/>
</testsuite> <!-- day7_TestNG_DataProvider_Excel_Browser_Compatability.AddJobs_From_Excel_Input -->
