<?xml version="1.0" encoding="UTF-8"?>
<!-- Generated by org.testng.reporters.JUnitReportReporter -->
<testsuite skipped="0" hostname="LAPTOP-I8106HAO" name="Day6_DataProvider_Excel_Browser_Compatability.Browser_Compatability" tests="5" failures="0" timestamp="2021-07-07T10:52:24 IST" time="168.382" errors="0">
  <testcase name="test1" time="68.554" classname="Day6_DataProvider_Excel_Browser_Compatability.Browser_Compatability"/>
  <system-out/>
  <testcase name="test1" time="26.010" classname="Day6_DataProvider_Excel_Browser_Compatability.Browser_Compatability"/>
  <system-out/>
  <testcase name="test1" time="28.398" classname="Day6_DataProvider_Excel_Browser_Compatability.Browser_Compatability"/>
  <system-out/>
  <testcase name="test1" time="24.661" classname="Day6_DataProvider_Excel_Browser_Compatability.Browser_Compatability"/>
  <system-out/>
  <testcase name="test1" time="20.759" classname="Day6_DataProvider_Excel_Browser_Compatability.Browser_Compatability"/>
  <system-out/>
</testsuite> <!-- Day6_DataProvider_Excel_Browser_Compatability.Browser_Compatability -->
