<?xml version="1.0" encoding="UTF-8"?>
<!-- Generated by org.testng.reporters.JUnitReportReporter -->
<testsuite skipped="0" hostname="LAPTOP-I8106HAO" name="Day2.TC02_Static_Parameterized" tests="1" failures="0" timestamp="2021-07-02T22:06:16 IST" time="22.827" errors="0">
  <testcase name="test" time="22.827" classname="Day2.TC02_Static_Parameterized"/>
  <system-out/>
</testsuite> <!-- Day2.TC02_Static_Parameterized -->
