<?xml version="1.0" encoding="UTF-8"?>
<!-- Generated by org.testng.reporters.JUnitReportReporter -->
<testsuite skipped="0" hostname="LAPTOP-I8106HAO" name="day_29_Page_Object_Model.TC01_AddJobs" tests="1" failures="0" timestamp="2021-07-21T16:28:08 IST" time="17.656" errors="0">
  <testcase name="tc01_addJobsTest" time="17.656" classname="day_29_Page_Object_Model.TC01_AddJobs"/>
  <system-out/>
</testsuite> <!-- day_29_Page_Object_Model.TC01_AddJobs -->
