<?xml version="1.0" encoding="UTF-8"?>
<!-- Generated by org.testng.reporters.JUnitReportReporter -->
<testsuite skipped="0" hostname="LAPTOP-I8106HAO" name="day_26_TakesScreenshot.Screenshot_For_Particular_Ele" tests="1" failures="0" timestamp="2021-08-05T15:07:06 IST" time="14.672" errors="0">
  <testcase name="loginTest" time="14.672" classname="day_26_TakesScreenshot.Screenshot_For_Particular_Ele"/>
  <system-out>
    <![CDATA[<a href='C:/HTML Report/test-output/TempScreenShots/Screenshot_For_Particular_Ele_2021_Aug_05_3_06_50_608_PM/Screenshot_For_Particular_Ele_2021_Aug_05_3_06_56_768_PM.png'>ScreenShot</a>
<a href='C:/HTML Report/test-output/TempScreenShots/Screenshot_For_Particular_Ele_2021_Aug_05_3_06_50_608_PM/Screenshot_For_Particular_Ele_2021_Aug_05_3_06_57_625_PM.png'> Screenshot</a>
<a href='C:/HTML Report/test-output/TempScreenShots/Screenshot_For_Particular_Ele_2021_Aug_05_3_06_50_608_PM/Screenshot_For_Particular_Ele_2021_Aug_05_3_06_57_929_PM.png'> Screenshot</a>
<a href='C:/HTML Report/test-output/TempScreenShots/Screenshot_For_Particular_Ele_2021_Aug_05_3_06_50_608_PM/Screenshot_For_Particular_Ele_2021_Aug_05_3_06_58_114_PM.png'> Screenshot</a>
<a href='C:/HTML Report/test-output/TempScreenShots/Screenshot_For_Particular_Ele_2021_Aug_05_3_06_50_608_PM/Screenshot_For_Particular_Ele_2021_Aug_05_3_07_04_814_PM.png'>ScreenShot</a>]]>
  </system-out>
</testsuite> <!-- day_26_TakesScreenshot.Screenshot_For_Particular_Ele -->
