<?xml version="1.0" encoding="UTF-8"?>
<!-- Generated by org.testng.reporters.JUnitReportReporter -->
<testsuite skipped="0" hostname="LAPTOP-I8106HAO" name="day8_Emailable_Report.TestExample4" tests="1" failures="0" timestamp="2021-07-08T14:46:21 IST" time="11.789" errors="0">
  <testcase name="test2" time="11.789" classname="day8_Emailable_Report.TestExample4"/>
  <system-out>
    <![CDATA[Url open in firefox Browser  TestCase Passed
UserName TestCase Passed
Password TestCase Passed
Login button TestCase Passed]]>
  </system-out>
</testsuite> <!-- day8_Emailable_Report.TestExample4 -->
