<?xml version="1.0" encoding="UTF-8"?>
<!-- Generated by org.testng.reporters.JUnitReportReporter -->
<testsuite skipped="0" hostname="LAPTOP-I8106HAO" name="Day1.AddMyInfoEdit" tests="1" failures="0" timestamp="2021-07-02T12:13:46 IST" time="20.095" errors="0">
  <testcase name="myInfoEdit" time="20.095" classname="Day1.AddMyInfoEdit"/>
  <system-out/>
</testsuite> <!-- Day1.AddMyInfoEdit -->
