<?xml version="1.0" encoding="UTF-8"?>
<!-- Generated by org.testng.reporters.JUnitReportReporter -->
<testsuite skipped="0" hostname="LAPTOP-I8106HAO" name="Day5_TestNG_DataProvider.TC05_DataProvider_Lab4" tests="2" failures="0" timestamp="2021-07-06T17:40:14 IST" time="45.562" errors="0">
  <testcase name="test1" time="21.520" classname="Day5_TestNG_DataProvider.TC05_DataProvider_Lab4"/>
  <system-out/>
  <testcase name="test1" time="24.042" classname="Day5_TestNG_DataProvider.TC05_DataProvider_Lab4"/>
  <system-out/>
</testsuite> <!-- Day5_TestNG_DataProvider.TC05_DataProvider_Lab4 -->
