<?xml version="1.0" encoding="UTF-8"?>
<!-- Generated by org.testng.reporters.JUnitReportReporter -->
<testsuite skipped="0" hostname="LAPTOP-I8106HAO" name="Day1.AddNationalities" tests="1" failures="0" timestamp="2021-07-01T16:48:28 IST" time="18.936" errors="0">
  <testcase name="testNatinalities" time="18.936" classname="Day1.AddNationalities"/>
  <system-out/>
</testsuite> <!-- Day1.AddNationalities -->
