<?xml version="1.0" encoding="UTF-8"?>
<!-- Generated by org.testng.reporters.JUnitReportReporter -->
<testsuite skipped="0" hostname="LAPTOP-I8106HAO" name="day8_Emailable_Report.Emailable_Report" tests="1" failures="0" timestamp="2021-07-08T11:26:40 IST" time="23.420" errors="0">
  <testcase name="test" time="23.420" classname="day8_Emailable_Report.Emailable_Report"/>
  <system-out>
    <![CDATA[UserName TestCase Passed
UserName TestCase Passed
Login button TestCase Passed]]>
  </system-out>
</testsuite> <!-- day8_Emailable_Report.Emailable_Report -->
