<?xml version="1.0" encoding="UTF-8"?>
<!-- Generated by org.testng.reporters.JUnitReportReporter -->
<testsuite skipped="0" hostname="LAPTOP-I8106HAO" name="day1.AddMyInfo" tests="1" failures="0" timestamp="2021-07-04T17:33:15 IST" time="32.851" errors="0">
  <testcase name="addInfoTest" time="32.851" classname="day1.AddMyInfo"/>
  <system-out/>
</testsuite> <!-- day1.AddMyInfo -->
