<?xml version="1.0" encoding="UTF-8"?>
<!-- Generated by org.testng.reporters.JUnitReportReporter -->
<testsuite skipped="0" hostname="LAPTOP-I8106HAO" name="Day6_DataProvider_Excel_Browser_Compatability.TC06_DataProvider_Excel" tests="5" failures="0" timestamp="2021-07-06T21:56:36 IST" time="85.220" errors="0">
  <testcase name="test" time="16.815" classname="Day6_DataProvider_Excel_Browser_Compatability.TC06_DataProvider_Excel"/>
  <system-out/>
  <testcase name="test" time="17.005" classname="Day6_DataProvider_Excel_Browser_Compatability.TC06_DataProvider_Excel"/>
  <system-out/>
  <testcase name="test" time="15.979" classname="Day6_DataProvider_Excel_Browser_Compatability.TC06_DataProvider_Excel"/>
  <system-out/>
  <testcase name="test" time="19.062" classname="Day6_DataProvider_Excel_Browser_Compatability.TC06_DataProvider_Excel"/>
  <system-out/>
  <testcase name="test" time="16.359" classname="Day6_DataProvider_Excel_Browser_Compatability.TC06_DataProvider_Excel"/>
  <system-out/>
</testsuite> <!-- Day6_DataProvider_Excel_Browser_Compatability.TC06_DataProvider_Excel -->
