<?xml version="1.0" encoding="UTF-8"?>
<!-- Generated by org.testng.reporters.JUnitReportReporter -->
<testsuite skipped="0" hostname="LAPTOP-I8106HAO" name="day_10_Customized_Emailable_Report.LoginPage_Customized_Report" tests="1" failures="0" timestamp="2021-08-05T16:25:35 IST" time="18.454" errors="0">
  <testcase name="TC01_Report_Test" time="18.454" classname="day_10_Customized_Emailable_Report.LoginPage_Customized_Report"/>
  <system-out>
    <![CDATA[<table> <tr >  <img   style="border:1px solid black;"      src="C:\HTML Report\HtmlTemplates\Logo.JPEG"></tr><tr   ><center><font color="red"  size="15" >LoginPage_Customized_Report</font></center></tr><tr bgcolor="#9370DB"> <th width="100px"> <center><font color="white"  size="4" >Steps</font></center><font color="white"  size="4" ></font></center> </th> <th width="450px" ><center><font color="white"  size="4" >Details </font> </center></th> <th width="100px" ><center><font color="white"  size="4" >Status</font></center></th>  <th  width="250px"  ><center><font color="white"  size="4" >Screen Shots</font></center></th> <th width="250px"  ><center><font color="white"  size="4" >Date & Time</font></center></th>  </tr>       
 <tr bgcolor="#eee"> <th width="100px"> <center>Step&nbsp;1</center> </th> <th width="450px" ><center><b><font color='black'>   Opened Orange HRM</b> </font></center></th> <th width="100px" ><center><img src='file:///C:\HTML Report\HtmlTemplates\passed.PNG'    +     "width="30" + height="30"></img></center></th>  <th  width="250px"  ><center><a href=C:/HTML Report/test-output/TempScreenShots/LoginPage_Customized_Report_2021_Aug_05_4_25_20_289_PM/LoginPage_Customized_Report_05_Aug_2021 4_25_25_666 PM.png target="popup" onclick="window.open('C:/HTML Report/test-output/TempScreenShots/LoginPage_Customized_Report_2021_Aug_05_4_25_20_289_PM/LoginPage_Customized_Report_05_Aug_2021 4_25_25_666 PM.png','popup','width=600,height=600'); return false;"> ScreenShot</a> </center></th> <th width="250px"  ><center>05_Aug_2021 4_25_25_666 PM</center></th>  </tr>      
 <tr bgcolor="#ddd"> <th width="100px"> <center>Step&nbsp;2</center> </th> <th width="450px" ><center><b><font color='black'>   Username Entered</b> </font></center></th> <th width="100px" ><center><img src='file:///C:\HTML Report\HtmlTemplates\passed.PNG'    +     "width="30" + height="30"></img></center></th>  <th  width="250px"  ><center><a href=C:/HTML Report/test-output/TempScreenShots/LoginPage_Customized_Report_2021_Aug_05_4_25_20_289_PM/LoginPage_Customized_Report_05_Aug_2021 4_25_26_603 PM.png target="popup" onclick="window.open('C:/HTML Report/test-output/TempScreenShots/LoginPage_Customized_Report_2021_Aug_05_4_25_20_289_PM/LoginPage_Customized_Report_05_Aug_2021 4_25_26_603 PM.png','popup','width=600,height=600'); return false;"> ScreenShot</a> </center></th> <th width="250px"  ><center>05_Aug_2021 4_25_26_603 PM</center></th>  </tr>      
 <tr bgcolor="#eee"> <th width="100px"> <center>Step&nbsp;3</center> </th> <th width="450px" ><center><b><font color='black'>   Password Entered</b> </font></center></th> <th width="100px" ><center><img src='file:///C:\HTML Report\HtmlTemplates\passed.PNG'    +     "width="30" + height="30"></img></center></th>  <th  width="250px"  ><center><a href=C:/HTML Report/test-output/TempScreenShots/LoginPage_Customized_Report_2021_Aug_05_4_25_20_289_PM/LoginPage_Customized_Report_05_Aug_2021 4_25_27_147 PM.png target="popup" onclick="window.open('C:/HTML Report/test-output/TempScreenShots/LoginPage_Customized_Report_2021_Aug_05_4_25_20_289_PM/LoginPage_Customized_Report_05_Aug_2021 4_25_27_147 PM.png','popup','width=600,height=600'); return false;"> ScreenShot</a> </center></th> <th width="250px"  ><center>05_Aug_2021 4_25_27_147 PM</center></th>  </tr>      
 <tr bgcolor="#ddd"> <th width="100px"> <center>Step&nbsp;4</center> </th> <th width="450px" ><center><b><font color='black'>   Clicked on Signin</b> </font></center></th> <th width="100px" ><center><img src='file:///C:\HTML Report\HtmlTemplates\failed.PNG'    +     "width="30" + height="30"></img></center></th>  <th  width="250px"  ><center><a href=C:/HTML Report/test-output/TempScreenShots/LoginPage_Customized_Report_2021_Aug_05_4_25_20_289_PM/LoginPage_Customized_Report_05_Aug_2021 4_25_27_586 PM.png target="popup" onclick="window.open('C:/HTML Report/test-output/TempScreenShots/LoginPage_Customized_Report_2021_Aug_05_4_25_20_289_PM/LoginPage_Customized_Report_05_Aug_2021 4_25_27_586 PM.png','popup','width=600,height=600'); return false;"> ScreenShot</a> </center></th> <th width="250px"  ><center>05_Aug_2021 4_25_27_586 PM</center></th>  </tr>      
 <tr bgcolor="#eee"> <th width="100px"> <center>Step&nbsp;5</center> </th> <th width="450px" ><center><b><font color='black'>   Navigated to HomePage</b> </font></center></th> <th width="100px" ><center><img src='file:///C:\HTML Report\HtmlTemplates\passed.PNG'    +     "width="30" + height="30"></img></center></th>  <th  width="250px"  ><center><a href=C:/HTML Report/test-output/TempScreenShots/LoginPage_Customized_Report_2021_Aug_05_4_25_20_289_PM/LoginPage_Customized_Report_05_Aug_2021 4_25_34_382 PM.png target="popup" onclick="window.open('C:/HTML Report/test-output/TempScreenShots/LoginPage_Customized_Report_2021_Aug_05_4_25_20_289_PM/LoginPage_Customized_Report_05_Aug_2021 4_25_34_382 PM.png','popup','width=600,height=600'); return false;"> ScreenShot</a> </center></th> <th width="250px"  ><center>05_Aug_2021 4_25_34_382 PM</center></th>  </tr>      ]]>
  </system-out>
</testsuite> <!-- day_10_Customized_Emailable_Report.LoginPage_Customized_Report -->
