<?xml version="1.0" encoding="UTF-8"?>
<!-- Generated by org.testng.reporters.JUnitReportReporter -->
<testsuite skipped="0" hostname="LAPTOP-I8106HAO" name="day8_Emailable_Report.TestExample3" tests="1" failures="0" timestamp="2021-07-08T12:48:27 IST" time="8.381" errors="0">
  <testcase name="test2" time="8.381" classname="day8_Emailable_Report.TestExample3"/>
  <system-out>
    <![CDATA[Url open TestCase Passed
UserName TestCase Passed
Password TestCase Passed
Login button TestCase Passed]]>
  </system-out>
</testsuite> <!-- day8_Emailable_Report.TestExample3 -->
