<?xml version="1.0" encoding="UTF-8"?>
<!-- Generated by org.testng.reporters.JUnitReportReporter -->
<testsuite skipped="0" hostname="LAPTOP-I8106HAO" name="day_29_Page_Object_Model.TC02_AddNationalities" tests="1" failures="0" timestamp="2021-07-21T16:44:45 IST" time="15.013" errors="0">
  <testcase name="tc02_addNationalities" time="15.013" classname="day_29_Page_Object_Model.TC02_AddNationalities"/>
  <system-out/>
</testsuite> <!-- day_29_Page_Object_Model.TC02_AddNationalities -->
