<?xml version="1.0" encoding="UTF-8"?>
<!-- Generated by org.testng.reporters.JUnitReportReporter -->
<testsuite skipped="0" hostname="LAPTOP-I8106HAO" name="Day2_Relocate_By_Name.TC02_Static_Parameterized" tests="1" failures="0" timestamp="2021-07-03T07:02:00 IST" time="43.568" errors="0">
  <testcase name="test" time="43.568" classname="Day2_Relocate_By_Name.TC02_Static_Parameterized"/>
  <system-out/>
</testsuite> <!-- Day2_Relocate_By_Name.TC02_Static_Parameterized -->
