<?xml version="1.0" encoding="UTF-8"?>
<!-- Generated by org.testng.reporters.JUnitReportReporter -->
<testsuite skipped="0" hostname="LAPTOP-I8106HAO" name="ExcelUtil.Test11" tests="1" failures="0" timestamp="2021-08-07T11:15:49 IST" time="1.247" errors="0">
  <testcase name="Test1" time="1.247" classname="ExcelUtil.Test11"/>
  <system-out/>
</testsuite> <!-- ExcelUtil.Test11 -->
