<?xml version="1.0" encoding="UTF-8"?>
<!-- Generated by org.testng.reporters.JUnitReportReporter -->
<testsuite skipped="0" hostname="LAPTOP-I8106HAO" name="day_26_TakesScreenshot.LoginPageScreenshot" tests="1" failures="0" timestamp="2021-08-05T19:36:00 IST" time="15.226" errors="0">
  <testcase name="loginTest" time="15.226" classname="day_26_TakesScreenshot.LoginPageScreenshot"/>
  <system-out>
    <![CDATA[<table> <tr >  <img   style="border:1px solid black;"      src="C:\HTML Report\HtmlTemplates\Logo.JPEG"></tr><tr   ><center><font color="red"  size="15" >LoginPageScreenshot</font></center></tr><tr bgcolor="#9370DB"> <th width="100px"> <center><font color="white"  size="4" >Steps</font></center><font color="white"  size="4" ></font></center> </th> <th width="450px" ><center><font color="white"  size="4" >Details </font> </center></th> <th width="100px" ><center><font color="white"  size="4" >Status</font></center></th>  <th  width="250px"  ><center><font color="white"  size="4" >Screen Shots</font></center></th> <th width="250px"  ><center><font color="white"  size="4" >Date & Time</font></center></th>  </tr>       
 <tr bgcolor="#eee"> <th width="100px"> <center>Step&nbsp;1</center> </th> <th width="450px" ><center><b><font color='black'>   Open Orange HRM</b> </font></center></th> <th width="100px" ><center><img src='file:///C:\HTML Report\Icons\check_1.ico'    +     "width="30" + height="30"></img></center></th>  <th  width="250px"  ><center><a href=C:/HTML Report/test-output/TempScreenShots/LoginPageScreenshot_2021_Aug_05_7_35_44_365_PM/LoginPageScreenshot_05_Aug_2021 7_35_49_186 PM.png target="popup" onclick="window.open('C:/HTML Report/test-output/TempScreenShots/LoginPageScreenshot_2021_Aug_05_7_35_44_365_PM/LoginPageScreenshot_05_Aug_2021 7_35_49_186 PM.png','popup','width=600,height=600'); return false;"> ScreenShot</a> </center></th> <th width="250px"  ><center>05_Aug_2021 7_35_49_186 PM</center></th>  </tr>      
 <tr bgcolor="#ddd"> <th width="100px"> <center>Step&nbsp;2</center> </th> <th width="450px" ><center><b><font color='black'>   User Name Entered</b> </font></center></th> <th width="100px" ><center><img src='file:///C:\HTML Report\Icons\check_1.ico'    +     "width="30" + height="30"></img></center></th>  <th  width="250px"  ><center><a href=C:/HTML Report/test-output/TempScreenShots/LoginPageScreenshot_2021_Aug_05_7_35_44_365_PM/LoginPageScreenshot_05_Aug_2021 7_35_49_570 PM.png target="popup" onclick="window.open('C:/HTML Report/test-output/TempScreenShots/LoginPageScreenshot_2021_Aug_05_7_35_44_365_PM/LoginPageScreenshot_05_Aug_2021 7_35_49_570 PM.png','popup','width=600,height=600'); return false;"> ScreenShot</a> </center></th> <th width="250px"  ><center>05_Aug_2021 7_35_49_570 PM</center></th>  </tr>      
 <tr bgcolor="#eee"> <th width="100px"> <center>Step&nbsp;3</center> </th> <th width="450px" ><center><b><font color='black'>   Password Entered</b> </font></center></th> <th width="100px" ><center><img src='file:///C:\HTML Report\Icons\check_1.ico'    +     "width="30" + height="30"></img></center></th>  <th  width="250px"  ><center><a href=C:/HTML Report/test-output/TempScreenShots/LoginPageScreenshot_2021_Aug_05_7_35_44_365_PM/LoginPageScreenshot_05_Aug_2021 7_35_50_017 PM.png target="popup" onclick="window.open('C:/HTML Report/test-output/TempScreenShots/LoginPageScreenshot_2021_Aug_05_7_35_44_365_PM/LoginPageScreenshot_05_Aug_2021 7_35_50_017 PM.png','popup','width=600,height=600'); return false;"> ScreenShot</a> </center></th> <th width="250px"  ><center>05_Aug_2021 7_35_50_017 PM</center></th>  </tr>      
 <tr bgcolor="#ddd"> <th width="100px"> <center>Step&nbsp;4</center> </th> <th width="450px" ><center><b><font color='black'>   Clicked on Login Button</b> </font></center></th> <th width="100px" ><center><img src='file:///C:\HTML Report\Icons\close_1.png'    +     "width="30" + height="30"></img></center></th>  <th  width="250px"  ><center><a href=C:/HTML Report/test-output/TempScreenShots/LoginPageScreenshot_2021_Aug_05_7_35_44_365_PM/LoginPageScreenshot_05_Aug_2021 7_35_50_270 PM.png target="popup" onclick="window.open('C:/HTML Report/test-output/TempScreenShots/LoginPageScreenshot_2021_Aug_05_7_35_44_365_PM/LoginPageScreenshot_05_Aug_2021 7_35_50_270 PM.png','popup','width=600,height=600'); return false;"> ScreenShot</a> </center></th> <th width="250px"  ><center>05_Aug_2021 7_35_50_270 PM</center></th>  </tr>      
 <tr bgcolor="#eee"> <th width="100px"> <center>Step&nbsp;5</center> </th> <th width="450px" ><center><b><font color='black'>   Navigated to HomePage</b> </font></center></th> <th width="100px" ><center><img src='file:///C:\HTML Report\Icons\check_1.ico'    +     "width="30" + height="30"></img></center></th>  <th  width="250px"  ><center><a href=C:/HTML Report/test-output/TempScreenShots/LoginPageScreenshot_2021_Aug_05_7_35_44_365_PM/LoginPageScreenshot_05_Aug_2021 7_35_59_185 PM.png target="popup" onclick="window.open('C:/HTML Report/test-output/TempScreenShots/LoginPageScreenshot_2021_Aug_05_7_35_44_365_PM/LoginPageScreenshot_05_Aug_2021 7_35_59_185 PM.png','popup','width=600,height=600'); return false;"> ScreenShot</a> </center></th> <th width="250px"  ><center>05_Aug_2021 7_35_59_185 PM</center></th>  </tr>      ]]>
  </system-out>
</testsuite> <!-- day_26_TakesScreenshot.LoginPageScreenshot -->
