<?xml version="1.0" encoding="UTF-8"?>
<!-- Generated by org.testng.reporters.JUnitReportReporter -->
<testsuite skipped="0" hostname="LAPTOP-I8106HAO" name="day09_Extent_Emailable_Report.ExtentReports_JavaScriptExecutor" tests="1" failures="0" timestamp="2021-07-15T16:19:46 IST" time="28.724" errors="0">
  <testcase name="Report3_Test" time="28.724" classname="day09_Extent_Emailable_Report.ExtentReports_JavaScriptExecutor"/>
  <system-out/>
</testsuite> <!-- day09_Extent_Emailable_Report.ExtentReports_JavaScriptExecutor -->
