<?xml version="1.0" encoding="UTF-8"?>
<!-- Generated by org.testng.reporters.JUnitReportReporter -->
<testsuite skipped="0" hostname="LAPTOP-I8106HAO" name="day_29_Page_Object_Model.TC03_AddSkills" tests="1" failures="0" timestamp="2021-07-21T17:18:50 IST" time="15.749" errors="0">
  <testcase name="tc03_addSkills" time="15.749" classname="day_29_Page_Object_Model.TC03_AddSkills"/>
  <system-out/>
</testsuite> <!-- day_29_Page_Object_Model.TC03_AddSkills -->
