<?xml version="1.0" encoding="UTF-8"?>
<!-- Generated by org.testng.reporters.JUnitReportReporter -->
<testsuite skipped="1" hostname="LAPTOP-I8106HAO" name="A1_Day01.TC01_Login_Excel" tests="1" failures="0" timestamp="2021-07-06T18:24:34 IST" time="0.000" errors="0">
  <testcase name="Login_Test" time="0.000" classname="A1_Day01.TC01_Login_Excel">
    <skipped/>
  </testcase> <!-- Login_Test -->
  <system-out/>
</testsuite> <!-- A1_Day01.TC01_Login_Excel -->
