<?xml version="1.0" encoding="UTF-8"?>
<!-- Generated by org.testng.reporters.JUnitReportReporter -->
<testsuite skipped="0" hostname="LAPTOP-I8106HAO" name="day10_Emailable_Report.Extent_Emilable_Example2" tests="1" failures="0" timestamp="2021-07-13T18:24:34 IST" time="23.829" errors="0">
  <testcase name="Report3_Test" time="23.829" classname="day10_Emailable_Report.Extent_Emilable_Example2"/>
  <system-out/>
</testsuite> <!-- day10_Emailable_Report.Extent_Emilable_Example2 -->
