<?xml version="1.0" encoding="UTF-8"?>
<!-- Generated by org.testng.reporters.JUnitReportReporter -->
<testsuite skipped="0" hostname="LAPTOP-I8106HAO" name="Day5_TestNG_DataProvider.TC05_DataProvider" tests="3" failures="0" timestamp="2021-07-05T17:32:33 IST" time="91.497" errors="0">
  <testcase name="test" time="30.483" classname="Day5_TestNG_DataProvider.TC05_DataProvider"/>
  <system-out/>
  <testcase name="test" time="27.540" classname="Day5_TestNG_DataProvider.TC05_DataProvider"/>
  <system-out/>
  <testcase name="test" time="33.474" classname="Day5_TestNG_DataProvider.TC05_DataProvider"/>
  <system-out/>
</testsuite> <!-- Day5_TestNG_DataProvider.TC05_DataProvider -->
