<?xml version="1.0" encoding="UTF-8"?>
<!-- Generated by org.testng.reporters.JUnitReportReporter -->
<testsuite skipped="0" hostname="LAPTOP-I8106HAO" name="Day5_TestNG_DataProvider.TC05_DataProvider_Lab2" tests="3" failures="0" timestamp="2021-07-06T12:26:08 IST" time="85.212" errors="0">
  <testcase name="test" time="24.605" classname="Day5_TestNG_DataProvider.TC05_DataProvider_Lab2"/>
  <system-out/>
  <testcase name="test" time="32.845" classname="Day5_TestNG_DataProvider.TC05_DataProvider_Lab2"/>
  <system-out/>
  <testcase name="test" time="27.762" classname="Day5_TestNG_DataProvider.TC05_DataProvider_Lab2"/>
  <system-out/>
</testsuite> <!-- Day5_TestNG_DataProvider.TC05_DataProvider_Lab2 -->
