<?xml version="1.0" encoding="UTF-8"?>
<!-- Generated by org.testng.reporters.JUnitReportReporter -->
<testsuite skipped="0" hostname="LAPTOP-I8106HAO" name="Day1.LoginTestPram" tests="1" failures="0" timestamp="2021-07-01T18:19:23 IST" time="22.352" errors="0">
  <testcase name="loginParamaterized" time="22.352" classname="Day1.LoginTestPram"/>
  <system-out/>
</testsuite> <!-- Day1.LoginTestPram -->
