<?xml version="1.0" encoding="UTF-8"?>
<!-- Generated by org.testng.reporters.JUnitReportReporter -->
<testsuite skipped="0" hostname="LAPTOP-I8106HAO" name="day09_Extent_Emailable_Report.Extent_Emilable_Example2" tests="1" failures="0" timestamp="2021-07-15T18:36:04 IST" time="25.769" errors="0">
  <testcase name="Report3_Test" time="25.769" classname="day09_Extent_Emailable_Report.Extent_Emilable_Example2"/>
  <system-out/>
</testsuite> <!-- day09_Extent_Emailable_Report.Extent_Emilable_Example2 -->
