<?xml version="1.0" encoding="UTF-8"?>
<!-- Generated by org.testng.reporters.JUnitReportReporter -->
<testsuite skipped="0" hostname="LAPTOP-I8106HAO" name="day_30_Page_Factory.TC01_AddNationalities" tests="1" failures="0" timestamp="2021-08-02T19:56:41 IST" time="21.321" errors="0">
  <testcase name="tc01_addNationalities" time="21.321" classname="day_30_Page_Factory.TC01_AddNationalities"/>
  <system-out/>
</testsuite> <!-- day_30_Page_Factory.TC01_AddNationalities -->
