<?xml version="1.0" encoding="UTF-8"?>
<!-- Generated by org.testng.reporters.JUnitReportReporter -->
<testsuite skipped="0" hostname="LAPTOP-I8106HAO" name="day8_Emailable_Report.TestExample2" tests="1" failures="0" timestamp="2021-07-08T12:35:42 IST" time="14.110" errors="0">
  <testcase name="test2" time="14.110" classname="day8_Emailable_Report.TestExample2"/>
  <system-out>
    <![CDATA[Url open TestCase Passed
UserName TestCase Passed
Passwords TestCase Passed
Login button TestCase Passed]]>
  </system-out>
</testsuite> <!-- day8_Emailable_Report.TestExample2 -->
